Using pre-set license
Built from '2020.3/release' branch; Version is '2020.3.1f1 (77a89f25062f) revision 7841951'; Using compiler version '192528614'; Build Type 'Release'
OS: 'Windows 10 Pro; OS build 19041.1; Version 2004; 64bit' Language: 'es' Physical Memory: 8159 MB
BatchMode: 1, IsHumanControllingUs: 0, StartBugReporterOnCrash: 0, Is64bit: 1, IsPro: 0

 COMMAND LINE ARGUMENTS:
C:\Program Files\Unity\2020.3.1f1\Editor\Unity.exe
-adb2
-batchMode
-noUpm
-name
AssetImportWorker0
-projectPath
C:/Users/yo/Documents/GitHub/Feed the Cat
-logFile
Logs/AssetImportWorker0.log
-srvPort
51201
Successfully changed project path to: C:/Users/yo/Documents/GitHub/Feed the Cat
C:/Users/yo/Documents/GitHub/Feed the Cat
Using Asset Import Pipeline V2.
Refreshing native plugins compatible for Editor in 48.29 ms, found 1 plugins.
Preloading 0 native plugins for Editor in 0.00 ms.
Initialize engine version: 2020.3.1f1 (77a89f25062f)
[Subsystems] Discovering subsystems at path C:/Program Files/Unity/2020.3.1f1/Editor/Data/Resources/UnitySubsystems
[Subsystems] Discovering subsystems at path C:/Users/yo/Documents/GitHub/Feed the Cat/Assets
GfxDevice: creating device client; threaded=0
Direct3D:
    Version:  Direct3D 11.0 [level 11.0]
    Renderer: NVIDIA GeForce GTX 670 (ID=0x1189)
    Vendor:   
    VRAM:     2007 MB
    Driver:   27.21.14.6627
Initialize mono
Mono path[0] = 'C:/Program Files/Unity/2020.3.1f1/Editor/Data/Managed'
Mono path[1] = 'C:/Program Files/Unity/2020.3.1f1/Editor/Data/MonoBleedingEdge/lib/mono/unityjit'
Mono config path = 'C:/Program Files/Unity/2020.3.1f1/Editor/Data/MonoBleedingEdge/etc'
Using monoOptions --debugger-agent=transport=dt_socket,embedding=1,server=y,suspend=n,address=127.0.0.1:56344
Begin MonoManager ReloadAssembly
Registering precompiled unity dll's ...
Register platform support module: C:/Program Files/Unity/2020.3.1f1/Editor/Data/PlaybackEngines/WindowsStandaloneSupport/UnityEditor.WindowsStandalone.Extensions.dll
Registered in 0.002819 seconds.
Native extension for WindowsStandalone target not found
Refreshing native plugins compatible for Editor in 49.06 ms, found 1 plugins.
Preloading 0 native plugins for Editor in 0.00 ms.
Invoked RoslynAnalysisRunner static constructor.
RoslynAnalysisRunner will not be running.
RoslynAnalysisRunner has terminated.
Mono: successfully reloaded assembly
- Completed reload, in  1.484 seconds
Platform modules already initialized, skipping
Registering precompiled user dll's ...
Registered in 0.001411 seconds.
Begin MonoManager ReloadAssembly
Native extension for WindowsStandalone target not found
Refreshing native plugins compatible for Editor in 48.71 ms, found 1 plugins.
Preloading 0 native plugins for Editor in 0.00 ms.
Invoked RoslynAnalysisRunner static constructor.
RoslynAnalysisRunner will not be running.
RoslynAnalysisRunner has terminated.
Mono: successfully reloaded assembly
- Completed reload, in  1.215 seconds
Platform modules already initialized, skipping
========================================================================
Worker process is ready to serve import requests
Launched and connected shader compiler UnityShaderCompiler.exe after 0.04 seconds
Refreshing native plugins compatible for Editor in 0.40 ms, found 1 plugins.
Preloading 0 native plugins for Editor in 0.00 ms.
Unloading 1809 Unused Serialized files (Serialized files now loaded: 0)
System memory in use before: 84.7 MB.
System memory in use after: 84.7 MB.

Unloading 19 unused Assets to reduce memory usage. Loaded Objects now: 2256.
Total: 2.746900 ms (FindLiveObjects: 0.245800 ms CreateObjectMapping: 0.213800 ms MarkObjects: 2.194500 ms  DeleteObjects: 0.091800 ms)

========================================================================
Received Import Request.
  path: Assets/Scenes/Nivel 2.unity
  artifactKey: Guid(f9775151391af4c42a4b0ac58d18ac39) Importer(815301076,1909f56bfc062723c751e8b465ee728b)
Start importing Assets/Scenes/Nivel 2.unity using Guid(f9775151391af4c42a4b0ac58d18ac39) Importer(815301076,1909f56bfc062723c751e8b465ee728b)  -> (artifact id: '6dd6e38d366b70ed0c51d55dae5d1b05') in 0.020623 seconds
  Import took 0.024660 seconds .

========================================================================
Received Import Request.
  Time since last request: 0.000303 seconds.
  path: Assets/Scenes
  artifactKey: Guid(84aa018bc402fc84e87a502d983dea5e) Importer(815301076,1909f56bfc062723c751e8b465ee728b)
Start importing Assets/Scenes using Guid(84aa018bc402fc84e87a502d983dea5e) Importer(815301076,1909f56bfc062723c751e8b465ee728b)  -> (artifact id: '82b92582d18945d91b9e79d6c989a111') in 0.008903 seconds
  Import took 0.012946 seconds .

========================================================================
Received Prepare
Registering precompiled user dll's ...
Registered in 0.001280 seconds.
Begin MonoManager ReloadAssembly
Native extension for WindowsStandalone target not found
Refreshing native plugins compatible for Editor in 0.40 ms, found 1 plugins.
Preloading 0 native plugins for Editor in 0.00 ms.
Invoked RoslynAnalysisRunner static constructor.
RoslynAnalysisRunner will not be running.
RoslynAnalysisRunner has terminated.
Mono: successfully reloaded assembly
- Completed reload, in  1.015 seconds
Platform modules already initialized, skipping
Refreshing native plugins compatible for Editor in 0.42 ms, found 1 plugins.
Preloading 0 native plugins for Editor in 0.00 ms.
Unloading 1799 Unused Serialized files (Serialized files now loaded: 0)
System memory in use before: 84.3 MB.
System memory in use after: 84.4 MB.

Unloading 7 unused Assets to reduce memory usage. Loaded Objects now: 2260.
Total: 2.137100 ms (FindLiveObjects: 0.177900 ms CreateObjectMapping: 0.085700 ms MarkObjects: 1.841500 ms  DeleteObjects: 0.030500 ms)

========================================================================
Received Prepare
Registering precompiled user dll's ...
Registered in 0.001354 seconds.
Begin MonoManager ReloadAssembly
Native extension for WindowsStandalone target not found
Refreshing native plugins compatible for Editor in 0.40 ms, found 1 plugins.
Preloading 0 native plugins for Editor in 0.00 ms.
Invoked RoslynAnalysisRunner static constructor.
RoslynAnalysisRunner will not be running.
RoslynAnalysisRunner has terminated.
Mono: successfully reloaded assembly
- Completed reload, in  1.026 seconds
Platform modules already initialized, skipping
Refreshing native plugins compatible for Editor in 0.42 ms, found 1 plugins.
Preloading 0 native plugins for Editor in 0.00 ms.
Unloading 1799 Unused Serialized files (Serialized files now loaded: 0)
System memory in use before: 84.3 MB.
System memory in use after: 84.4 MB.

Unloading 7 unused Assets to reduce memory usage. Loaded Objects now: 2264.
Total: 2.497500 ms (FindLiveObjects: 0.263000 ms CreateObjectMapping: 0.171000 ms MarkObjects: 2.032000 ms  DeleteObjects: 0.030300 ms)

========================================================================
Received Import Request.
  Time since last request: 156.111198 seconds.
  path: Assets/Scenes/Nivel 2.unity
  artifactKey: Guid(f9775151391af4c42a4b0ac58d18ac39) Importer(815301076,1909f56bfc062723c751e8b465ee728b)
Start importing Assets/Scenes/Nivel 2.unity using Guid(f9775151391af4c42a4b0ac58d18ac39) Importer(815301076,1909f56bfc062723c751e8b465ee728b)  -> (artifact id: '718c6db9554b329e8b98e60b5c7b2143') in 0.016118 seconds
  Import took 0.019816 seconds .

========================================================================
Received Import Request.
  Time since last request: 2.973555 seconds.
  path: Assets/Scenes/Start.unity
  artifactKey: Guid(2cda990e2423bbf4892e6590ba056729) Importer(815301076,1909f56bfc062723c751e8b465ee728b)
Start importing Assets/Scenes/Start.unity using Guid(2cda990e2423bbf4892e6590ba056729) Importer(815301076,1909f56bfc062723c751e8b465ee728b)  -> (artifact id: '9a6ed3273fb658ce34f285c1290fd42e') in 0.009934 seconds
  Import took 0.013561 seconds .

========================================================================
Received Import Request.
  Time since last request: 1.101295 seconds.
  path: Assets/Scenes/Nivel 1.unity
  artifactKey: Guid(c6d320b5eb3ba254284ef439bfe1ff04) Importer(815301076,1909f56bfc062723c751e8b465ee728b)
Start importing Assets/Scenes/Nivel 1.unity using Guid(c6d320b5eb3ba254284ef439bfe1ff04) Importer(815301076,1909f56bfc062723c751e8b465ee728b)  -> (artifact id: 'ef146d08b2daccc6ea7c8560b9d171a0') in 0.009009 seconds
  Import took 0.012814 seconds .

========================================================================
Received Import Request.
  Time since last request: 100.305321 seconds.
  path: Assets/Art/Background.jpg
  artifactKey: Guid(4cc1e29512794eb4a9016f004567512b) Importer(815301076,1909f56bfc062723c751e8b465ee728b)
Start importing Assets/Art/Background.jpg using Guid(4cc1e29512794eb4a9016f004567512b) Importer(815301076,1909f56bfc062723c751e8b465ee728b)  -> (artifact id: 'ff2e741ae9af025d0c8a57b4972ad74b') in 0.150263 seconds
  Import took 0.154483 seconds .

========================================================================
Received Prepare
Registering precompiled user dll's ...
Registered in 0.001318 seconds.
Begin MonoManager ReloadAssembly
Native extension for WindowsStandalone target not found
Refreshing native plugins compatible for Editor in 0.43 ms, found 1 plugins.
Preloading 0 native plugins for Editor in 0.00 ms.
Invoked RoslynAnalysisRunner static constructor.
RoslynAnalysisRunner will not be running.
RoslynAnalysisRunner has terminated.
Mono: successfully reloaded assembly
- Completed reload, in  1.025 seconds
Platform modules already initialized, skipping
Refreshing native plugins compatible for Editor in 0.38 ms, found 1 plugins.
Preloading 0 native plugins for Editor in 0.00 ms.
Unloading 1799 Unused Serialized files (Serialized files now loaded: 0)
System memory in use before: 87.4 MB.
System memory in use after: 87.5 MB.

Unloading 7 unused Assets to reduce memory usage. Loaded Objects now: 2274.
Total: 2.130000 ms (FindLiveObjects: 0.200800 ms CreateObjectMapping: 0.075300 ms MarkObjects: 1.811600 ms  DeleteObjects: 0.040800 ms)

========================================================================
Received Import Request.
  Time since last request: 17.521414 seconds.
  path: Assets/Scenes/Nivel 3.unity
  artifactKey: Guid(dd6972662f8f5c8429b3bdfa6e43cb57) Importer(815301076,1909f56bfc062723c751e8b465ee728b)
Start importing Assets/Scenes/Nivel 3.unity using Guid(dd6972662f8f5c8429b3bdfa6e43cb57) Importer(815301076,1909f56bfc062723c751e8b465ee728b)  -> (artifact id: '265a029283a9bb93890d7c2ee6a5bf9e') in 0.021584 seconds
  Import took 0.025429 seconds .

========================================================================
Received Prepare
Registering precompiled user dll's ...
Registered in 0.001379 seconds.
Begin MonoManager ReloadAssembly
Native extension for WindowsStandalone target not found
Refreshing native plugins compatible for Editor in 0.41 ms, found 1 plugins.
Preloading 0 native plugins for Editor in 0.00 ms.
Invoked RoslynAnalysisRunner static constructor.
RoslynAnalysisRunner will not be running.
RoslynAnalysisRunner has terminated.
Mono: successfully reloaded assembly
- Completed reload, in  1.025 seconds
Platform modules already initialized, skipping
Refreshing native plugins compatible for Editor in 0.46 ms, found 1 plugins.
Preloading 0 native plugins for Editor in 0.00 ms.
Unloading 1799 Unused Serialized files (Serialized files now loaded: 0)
System memory in use before: 87.4 MB.
System memory in use after: 87.5 MB.

Unloading 7 unused Assets to reduce memory usage. Loaded Objects now: 2278.
Total: 2.426700 ms (FindLiveObjects: 0.292200 ms CreateObjectMapping: 0.130000 ms MarkObjects: 1.978700 ms  DeleteObjects: 0.024600 ms)

========================================================================
Received Prepare
Registering precompiled user dll's ...
Registered in 0.001348 seconds.
Begin MonoManager ReloadAssembly
Native extension for WindowsStandalone target not found
Refreshing native plugins compatible for Editor in 0.40 ms, found 1 plugins.
Preloading 0 native plugins for Editor in 0.00 ms.
Invoked RoslynAnalysisRunner static constructor.
RoslynAnalysisRunner will not be running.
RoslynAnalysisRunner has terminated.
Mono: successfully reloaded assembly
- Completed reload, in  1.024 seconds
Platform modules already initialized, skipping
Refreshing native plugins compatible for Editor in 0.42 ms, found 1 plugins.
Preloading 0 native plugins for Editor in 0.00 ms.
Unloading 1799 Unused Serialized files (Serialized files now loaded: 0)
System memory in use before: 87.4 MB.
System memory in use after: 87.6 MB.

Unloading 7 unused Assets to reduce memory usage. Loaded Objects now: 2282.
Total: 2.530100 ms (FindLiveObjects: 0.285200 ms CreateObjectMapping: 0.164900 ms MarkObjects: 2.045200 ms  DeleteObjects: 0.033400 ms)

